<?xml version="1.0" encoding="UTF-8"?>
<!-- Generated by org.testng.reporters.JUnitXMLReporter -->
<testsuite hostname="DESKTOP-ALEB1IN" failures="1" tests="13" name="Surefire test" time="227.192" errors="0" timestamp="25 Sep 2024 16:22:39 GMT">
  <testcase classname="test.com.itexps.AddFavoritesTest" name="testAddFavoritesTestCase" time="24.985"/>
  <testcase classname="test.com.itexps.AddProductTest" name="testAddProductTestCase" time="17.929"/>
  <testcase classname="test.com.itexps.CreateProfileTest" name="testCreateProfileTest" time="23.714"/>
  <testcase classname="test.com.itexps.FilterSearchTest" name="testFilterSearchTestCase" time="11.06"/>
  <testcase classname="test.com.itexps.FindStoreTest" name="testFindStoreTestCase" time="5.357"/>
  <testcase classname="test.com.itexps.GiftCardTest" name="testGiftCardTestCase" time="41.152">
    <failure type="org.openqa.selenium.TimeoutException" message="Expected condition failed: waiting for element to be clickable: By.xpath: //div[@id=&amp;apos;4aa831c0-f689-11e9-8d70-e356865c8f6e&amp;apos;]/pub-hide-empty-link/div/a/span (tried for 10 second(s) with 500 milliseconds interval)
Build info: version: &amp;apos;4.25.0&amp;apos;, revision: &amp;apos;8a8aea2337&amp;apos;
System info: os.name: &amp;apos;Windows 11&amp;apos;, os.arch: &amp;apos;amd64&amp;apos;, os.version: &amp;apos;10.0&amp;apos;, java.version: &amp;apos;22.0.1&amp;apos;
Driver info: org.openqa.selenium.chrome.ChromeDriver
Capabilities {acceptInsecureCerts: false, browserName: chrome, browserVersion: 129.0.6668.59, chrome: {chromedriverVersion: 129.0.6668.58 (81a06fb873a9..., userDataDir: C:\Users\corne\AppData\Loca...}, fedcm:accounts: true, goog:chromeOptions: {debuggerAddress: localhost:60586}, networkConnectionEnabled: false, pageLoadStrategy: normal, platformName: windows, proxy: Proxy(), se:cdp: ws://localhost:60586/devtoo..., se:cdpVersion: 129.0.6668.59, setWindowRect: true, strictFileInteractability: false, timeouts: {implicit: 0, pageLoad: 300000, script: 30000}, unhandledPromptBehavior: dismiss and notify, webauthn:extension:credBlob: true, webauthn:extension:largeBlob: true, webauthn:extension:minPinLength: true, webauthn:extension:prf: true, webauthn:virtualAuthenticators: true}
Session ID: 2b3eb28c32049e3fdc6759dd1cf471e1">
      <![CDATA[org.openqa.selenium.TimeoutException: Expected condition failed: waiting for element to be clickable: By.xpath: //div[@id='4aa831c0-f689-11e9-8d70-e356865c8f6e']/pub-hide-empty-link/div/a/span (tried for 10 second(s) with 500 milliseconds interval)
Build info: version: '4.25.0', revision: '8a8aea2337'
System info: os.name: 'Windows 11', os.arch: 'amd64', os.version: '10.0', java.version: '22.0.1'
Driver info: org.openqa.selenium.chrome.ChromeDriver
Capabilities {acceptInsecureCerts: false, browserName: chrome, browserVersion: 129.0.6668.59, chrome: {chromedriverVersion: 129.0.6668.58 (81a06fb873a9..., userDataDir: C:\Users\corne\AppData\Loca...}, fedcm:accounts: true, goog:chromeOptions: {debuggerAddress: localhost:60586}, networkConnectionEnabled: false, pageLoadStrategy: normal, platformName: windows, proxy: Proxy(), se:cdp: ws://localhost:60586/devtoo..., se:cdpVersion: 129.0.6668.59, setWindowRect: true, strictFileInteractability: false, timeouts: {implicit: 0, pageLoad: 300000, script: 30000}, unhandledPromptBehavior: dismiss and notify, webauthn:extension:credBlob: true, webauthn:extension:largeBlob: true, webauthn:extension:minPinLength: true, webauthn:extension:prf: true, webauthn:virtualAuthenticators: true}
Session ID: 2b3eb28c32049e3fdc6759dd1cf471e1
	at org.openqa.selenium.support.ui.WebDriverWait.timeoutException(WebDriverWait.java:84)
	at org.openqa.selenium.support.ui.FluentWait.until(FluentWait.java:228)
	at test.com.itexps.GiftCardTest.testGiftCardTestCase(GiftCardTest.java:84)
... Removed 27 stack frames]]>
    </failure>
  </testcase> <!-- testGiftCardTestCase -->
  <testcase classname="test.com.itexps.ItemNotFoundTest" name="testItemNotFoundTestCase" time="7.978"/>
  <testcase classname="test.com.itexps.LoginTest" name="testLoginTestCase" time="12.451"/>
  <testcase classname="test.com.itexps.myIkeaDropdownTest" name="testDropDownTestCase" time="20.192"/>
  <testcase classname="test.com.itexps.myIkeaMouseTest" name="testMouseHoverTestCase" time="5.329"/>
  <testcase classname="test.com.itexps.myIkeaScrollTest" name="testScroll" time="10.3"/>
  <testcase classname="test.com.itexps.SearchTest" name="testSearchTestCase" time="10.761"/>
  <testcase classname="test.com.itexps.ZipLocatorTest" name="testZipLocatorTestCase" time="5.4"/>
</testsuite> <!-- Surefire test -->
